<?xml version="1.0" encoding="UTF-8"?>
<!-- Generated by org.testng.reporters.JUnitXMLReporter -->
<testsuite hostname="LAPTOP-EN532Q9K" ignored="2" name="AcceptanceTest" tests="2" failures="1" timestamp="28 Oct 2018 12:01:58 GMT" time="49.636" errors="0">
  <testcase name="test_VerifyHomePage_Title" time="16.454" classname="open_Weather_XML.TestCases1_VerifyHomePage">
    <failure type="junit.framework.ComparisonFailure" message="expected:&amp;lt;[C]urrent weather and f...&amp;gt; but was:&amp;lt;[С]urrent weather and f...&amp;gt;">
      <![CDATA[junit.framework.ComparisonFailure: expected:<[C]urrent weather and f...> but was:<[С]urrent weather and f...>
at junit.framework.Assert.assertEquals(Assert.java:100)
at junit.framework.Assert.assertEquals(Assert.java:107)
at org.OpenWeatherMap_Pages.HomePage.home_PageTitle(HomePage.java:36)
at open_Weather_XML.TestCases1_VerifyHomePage.test_VerifyHomePage_Title(TestCases1_VerifyHomePage.java:25)
... Removed 25 stack frames]]>
    </failure>
  </testcase> <!-- test_VerifyHomePage_Title -->
  <testcase name="test_VerifyInvalidCity_AlertMessage" time="14.473" classname="open_Weather_XML.TestCase2_VerifyInvalidCity"/>
  <testcase name="@AfterSuite publishResult" time="0.0" classname="org.reportGenerator.BaseTestReport">
    <ignored/>
  </testcase> <!-- @AfterSuite publishResult -->
  <testcase name="@BeforeSuite setup" time="0.0" classname="org.reportGenerator.BaseTestReport">
    <ignored/>
  </testcase> <!-- @BeforeSuite setup -->
</testsuite> <!-- AcceptanceTest -->
