<?xml version="1.0" encoding="UTF-8"?>
<!-- Generated by org.testng.reporters.JUnitXMLReporter -->
<testsuite hostname="LAPTOP-EN532Q9K" ignored="16" name="Test" tests="9" failures="1" timestamp="28 Oct 2018 16:01:59 GMT" time="226.696" errors="0">
  <testcase name="test_Maps_BeautifulPlacesLink" time="13.242" classname="testCases_OpenWeatherMap_Application.TestCase07_Maps_BeautifulPlaces_Link"/>
  <testcase name="test_WeatherInYourCity_Link" time="45.256" classname="testCases_OpenWeatherMap_Application.TestCase_04_WeatherInYourCity"/>
  <testcase name="test_VerifyHomePage_Title" time="17.46" classname="testCases_OpenWeatherMap_Application.TestCase_01_VerifyHomePage">
    <failure type="junit.framework.ComparisonFailure" message="expected:&amp;lt;[C]urrent weather and f...&amp;gt; but was:&amp;lt;[С]urrent weather and f...&amp;gt;">
      <![CDATA[junit.framework.ComparisonFailure: expected:<[C]urrent weather and f...> but was:<[С]urrent weather and f...>
at junit.framework.Assert.assertEquals(Assert.java:100)
at junit.framework.Assert.assertEquals(Assert.java:107)
at org.OpenWeatherMap_Pages.HomePage.home_PageTitle(HomePage.java:33)
at testCases_OpenWeatherMap_Application.TestCase_01_VerifyHomePage.test_VerifyHomePage_Title(TestCase_01_VerifyHomePage.java:25)
... Removed 25 stack frames]]>
    </failure>
  </testcase> <!-- test_VerifyHomePage_Title -->
  <testcase name="test_Maps_WeatherMapsLink" time="14.095" classname="testCases_OpenWeatherMap_Application.TestCase_05_Maps_WeatherMaps_Link"/>
  <testcase name="test_Maps_CurrentSatelliteLink" time="11.778" classname="testCases_OpenWeatherMap_Application.TestCase_06_Maps_CurrentSatelliteMaps_Link"/>
  <testcase name="test_VerifyValidCity_Details" time="11.15" classname="testCases_OpenWeatherMap_Application.TestCase_03_VerifyValidCityDetails"/>
  <testcase name="test_VerifyInvalidCity_AlertMessage" time="10.733" classname="testCases_OpenWeatherMap_Application.TestCase_02_VerifyInvalidCity"/>
  <testcase name="test_API_Link" time="11.339" classname="testCases_OpenWeatherMap_Application.TestCase08_VerifyAPI_Link"/>
  <testcase name="test_Stations_Link" time="11.051" classname="testCases_OpenWeatherMap_Application.TestCase09_VerifyStations_Link"/>
  <testcase name="@AfterSuite publishResult" time="0.0" classname="org.reportGenerator.BaseTestReport">
    <ignored/>
  </testcase> <!-- @AfterSuite publishResult -->
  <testcase name="@AfterSuite publishResult" time="0.0" classname="org.reportGenerator.BaseTestReport">
    <ignored/>
  </testcase> <!-- @AfterSuite publishResult -->
  <testcase name="@AfterSuite publishResult" time="0.0" classname="org.reportGenerator.BaseTestReport">
    <ignored/>
  </testcase> <!-- @AfterSuite publishResult -->
  <testcase name="@AfterSuite publishResult" time="0.0" classname="org.reportGenerator.BaseTestReport">
    <ignored/>
  </testcase> <!-- @AfterSuite publishResult -->
  <testcase name="@AfterSuite publishResult" time="0.0" classname="org.reportGenerator.BaseTestReport">
    <ignored/>
  </testcase> <!-- @AfterSuite publishResult -->
  <testcase name="@AfterSuite publishResult" time="0.0" classname="org.reportGenerator.BaseTestReport">
    <ignored/>
  </testcase> <!-- @AfterSuite publishResult -->
  <testcase name="@AfterSuite publishResult" time="0.0" classname="org.reportGenerator.BaseTestReport">
    <ignored/>
  </testcase> <!-- @AfterSuite publishResult -->
  <testcase name="@AfterSuite publishResult" time="0.0" classname="org.reportGenerator.BaseTestReport">
    <ignored/>
  </testcase> <!-- @AfterSuite publishResult -->
  <testcase name="@BeforeSuite setup" time="0.0" classname="org.reportGenerator.BaseTestReport">
    <ignored/>
  </testcase> <!-- @BeforeSuite setup -->
  <testcase name="@BeforeSuite setup" time="0.0" classname="org.reportGenerator.BaseTestReport">
    <ignored/>
  </testcase> <!-- @BeforeSuite setup -->
  <testcase name="@BeforeSuite setup" time="0.0" classname="org.reportGenerator.BaseTestReport">
    <ignored/>
  </testcase> <!-- @BeforeSuite setup -->
  <testcase name="@BeforeSuite setup" time="0.0" classname="org.reportGenerator.BaseTestReport">
    <ignored/>
  </testcase> <!-- @BeforeSuite setup -->
  <testcase name="@BeforeSuite setup" time="0.0" classname="org.reportGenerator.BaseTestReport">
    <ignored/>
  </testcase> <!-- @BeforeSuite setup -->
  <testcase name="@BeforeSuite setup" time="0.0" classname="org.reportGenerator.BaseTestReport">
    <ignored/>
  </testcase> <!-- @BeforeSuite setup -->
  <testcase name="@BeforeSuite setup" time="0.0" classname="org.reportGenerator.BaseTestReport">
    <ignored/>
  </testcase> <!-- @BeforeSuite setup -->
  <testcase name="@BeforeSuite setup" time="0.0" classname="org.reportGenerator.BaseTestReport">
    <ignored/>
  </testcase> <!-- @BeforeSuite setup -->
</testsuite> <!-- Test -->
