<?xml version="1.0" encoding="UTF-8"?>
<testng-results skipped="0" failed="1" ignored="0" total="1" passed="0">
  <reporter-output>
  </reporter-output>
  <suite name="Default suite" duration-ms="17757" started-at="2018-10-28T17:40:54Z" finished-at="2018-10-28T17:41:12Z">
    <groups>
    </groups>
    <test name="Default test" duration-ms="17757" started-at="2018-10-28T17:40:54Z" finished-at="2018-10-28T17:41:12Z">
      <class name="testCases_OpenWeatherMap_Application.TestCase_12_OpenWeatherAPITest">
        <test-method status="PASS" signature="setup()[pri:0, instance:testCases_OpenWeatherMap_Application.TestCase_12_OpenWeatherAPITest@553a3d88]" name="setup" is-config="true" duration-ms="174" started-at="2018-10-28T17:40:54Z" finished-at="2018-10-28T17:40:54Z">
          <reporter-output>
          </reporter-output>
        </test-method> <!-- setup -->
        <test-method status="FAIL" signature="test_WeatherAPI()[pri:0, instance:testCases_OpenWeatherMap_Application.TestCase_12_OpenWeatherAPITest@553a3d88]" name="test_WeatherAPI" duration-ms="8617" started-at="2018-10-28T17:40:54Z" finished-at="2018-10-28T17:41:03Z">
          <exception class="junit.framework.AssertionFailedError">
            <full-stacktrace>
              <![CDATA[junit.framework.AssertionFailedError
at junit.framework.Assert.fail(Assert.java:55)
at junit.framework.Assert.assertTrue(Assert.java:22)
at junit.framework.Assert.assertTrue(Assert.java:31)
at testCases_OpenWeatherMap_Application.TestCase_12_OpenWeatherAPITest.test_WeatherAPI(TestCase_12_OpenWeatherAPITest.java:40)
at sun.reflect.NativeMethodAccessorImpl.invoke0(Native Method)
at sun.reflect.NativeMethodAccessorImpl.invoke(Unknown Source)
at sun.reflect.DelegatingMethodAccessorImpl.invoke(Unknown Source)
at java.lang.reflect.Method.invoke(Unknown Source)
at org.testng.internal.MethodInvocationHelper.invokeMethod(MethodInvocationHelper.java:124)
at org.testng.internal.Invoker.invokeMethod(Invoker.java:583)
at org.testng.internal.Invoker.invokeTestMethod(Invoker.java:719)
at org.testng.internal.Invoker.invokeTestMethods(Invoker.java:989)
at org.testng.internal.TestMethodWorker.invokeTestMethods(TestMethodWorker.java:125)
at org.testng.internal.TestMethodWorker.run(TestMethodWorker.java:109)
at org.testng.TestRunner.privateRun(TestRunner.java:648)
at org.testng.TestRunner.run(TestRunner.java:505)
at org.testng.SuiteRunner.runTest(SuiteRunner.java:455)
at org.testng.SuiteRunner.runSequentially(SuiteRunner.java:450)
at org.testng.SuiteRunner.privateRun(SuiteRunner.java:415)
at org.testng.SuiteRunner.run(SuiteRunner.java:364)
at org.testng.SuiteRunnerWorker.runSuite(SuiteRunnerWorker.java:52)
at org.testng.SuiteRunnerWorker.run(SuiteRunnerWorker.java:84)
at org.testng.TestNG.runSuitesSequentially(TestNG.java:1208)
at org.testng.TestNG.runSuitesLocally(TestNG.java:1137)
at org.testng.TestNG.runSuites(TestNG.java:1049)
at org.testng.TestNG.run(TestNG.java:1017)
at org.testng.remote.AbstractRemoteTestNG.run(AbstractRemoteTestNG.java:114)
at org.testng.remote.RemoteTestNG.initAndRun(RemoteTestNG.java:251)
at org.testng.remote.RemoteTestNG.main(RemoteTestNG.java:77)
]]>
            </full-stacktrace>
          </exception> <!-- junit.framework.AssertionFailedError -->
          <reporter-output>
          </reporter-output>
        </test-method> <!-- test_WeatherAPI -->
        <test-method status="PASS" signature="getResult(org.testng.ITestResult)[pri:0, instance:testCases_OpenWeatherMap_Application.TestCase_12_OpenWeatherAPITest@553a3d88]" name="getResult" is-config="true" duration-ms="9114" started-at="2018-10-28T17:41:03Z" finished-at="2018-10-28T17:41:12Z">
          <params>
            <param index="0">
              <value>
                <![CDATA[[TestResult name=test_WeatherAPI status=FAILURE method=TestCase_12_OpenWeatherAPITest.test_WeatherAPI()[pri:0, instance:testCases_OpenWeatherMap_Application.TestCase_12_OpenWeatherAPITest@553a3d88] output={null}]]]>
              </value>
            </param>
          </params>
          <reporter-output>
          </reporter-output>
        </test-method> <!-- getResult -->
        <test-method status="PASS" signature="publishResult()[pri:0, instance:testCases_OpenWeatherMap_Application.TestCase_12_OpenWeatherAPITest@553a3d88]" name="publishResult" is-config="true" duration-ms="492" started-at="2018-10-28T17:41:12Z" finished-at="2018-10-28T17:41:12Z">
          <reporter-output>
          </reporter-output>
        </test-method> <!-- publishResult -->
      </class> <!-- testCases_OpenWeatherMap_Application.TestCase_12_OpenWeatherAPITest -->
    </test> <!-- Default test -->
  </suite> <!-- Default suite -->
</testng-results>
